::1 - - [19/Oct/2022:06:02:43 +0000] "GET / HTTP/1.1" 200 7117
::1 - - [19/Oct/2022:06:02:43 +0000] "GET /runtime.3966cd9a0a9fecec.js HTTP/1.1" 200 884
::1 - - [19/Oct/2022:06:02:43 +0000] "GET /polyfills.d6e2fd9c81b9a9b4.js HTTP/1.1" 200 35185
::1 - - [19/Oct/2022:06:02:43 +0000] "GET /main.764dae96b0bc0ab1.js HTTP/1.1" 200 466736
::1 - - [19/Oct/2022:06:02:43 +0000] "GET /favicon.ico HTTP/1.1" 200 948
::1 - - [19/Oct/2022:06:02:43 +0000] "GET /styles.f35cb6e7acb3f50f.css HTTP/1.1" 200 75744
::1 - - [19/Oct/2022:06:02:44 +0000] "GET /back.b2e822a2c00e3455.jpg HTTP/1.1" 200 33099
::1 - - [19/Oct/2022:06:02:44 +0000] "GET /assets/img/visite-etat-couple-presidentiel-talie_17.jpg HTTP/1.1" 200 149379
::1 - - [19/Oct/2022:06:02:44 +0000] "GET /assets/img/paul_biya_v2.png HTTP/1.1" 200 136740
::1 - - [19/Oct/2022:06:02:44 +0000] "GET /assets/img/visite-etat-couple-presidentiel-talie_4.jpg HTTP/1.1" 200 206455
::1 - - [19/Oct/2022:06:02:44 +0000] "GET /assets/img/visite-etat-couple-presidentiel-talie_1.jpg HTTP/1.1" 200 162013
::1 - - [19/Oct/2022:06:02:44 +0000] "GET /assets/img/visite-etat-couple-presidentiel-talie_8.jpg HTTP/1.1" 200 161220
::1 - - [19/Oct/2022:06:02:44 +0000] "GET /assets/img/camroonicon-192.png HTTP/1.1" 200 11612
::1 - - [19/Oct/2022:06:02:44 +0000] "GET /assets/img/visite-etat-couple-presidentiel-talie_14.jpg HTTP/1.1" 200 183195
::1 - - [19/Oct/2022:06:02:44 +0000] "GET /assets/img/visite-etat-couple-presidentiel-talie_18.jpg HTTP/1.1" 200 188200
::1 - - [19/Oct/2022:06:02:44 +0000] "GET /assets/img/visite-etat-couple-presidentiel-talie_11.jpg HTTP/1.1" 200 166817
::1 - - [19/Oct/2022:06:02:44 +0000] "GET /assets/img/visite-etat-couple-presidentiel-talie_2.jpg HTTP/1.1" 200 191201
::1 - - [19/Oct/2022:06:02:45 +0000] "GET /assets/img/visite-etat-couple-presidentiel-talie_7.jpg HTTP/1.1" 200 223406
::1 - - [20/Oct/2022:00:44:30 +0000] "GET / HTTP/1.1" 304 -
::1 - - [20/Oct/2022:00:44:33 +0000] "GET /main.764dae96b0bc0ab1.js HTTP/1.1" 304 -
::1 - - [20/Oct/2022:00:44:33 +0000] "GET /runtime.3966cd9a0a9fecec.js HTTP/1.1" 304 -
::1 - - [20/Oct/2022:00:44:33 +0000] "GET /polyfills.d6e2fd9c81b9a9b4.js HTTP/1.1" 304 -
::1 - - [20/Oct/2022:00:44:34 +0000] "GET /styles.f35cb6e7acb3f50f.css HTTP/1.1" 304 -
::1 - - [20/Oct/2022:00:44:34 +0000] "GET /back.b2e822a2c00e3455.jpg HTTP/1.1" 304 -
::1 - - [20/Oct/2022:00:44:34 +0000] "GET /assets/img/paul_biya_v2.png HTTP/1.1" 304 -
::1 - - [20/Oct/2022:00:44:34 +0000] "GET /assets/img/camroonicon-192.png HTTP/1.1" 304 -
::1 - - [20/Oct/2022:00:44:34 +0000] "GET /assets/img/visite-etat-couple-presidentiel-talie_17.jpg HTTP/1.1" 304 -
::1 - - [20/Oct/2022:00:44:34 +0000] "GET /assets/img/visite-etat-couple-presidentiel-talie_8.jpg HTTP/1.1" 304 -
::1 - - [20/Oct/2022:00:44:34 +0000] "GET /assets/img/visite-etat-couple-presidentiel-talie_4.jpg HTTP/1.1" 304 -
::1 - - [20/Oct/2022:00:44:34 +0000] "GET /assets/img/visite-etat-couple-presidentiel-talie_1.jpg HTTP/1.1" 304 -
::1 - - [20/Oct/2022:00:44:34 +0000] "GET /assets/img/visite-etat-couple-presidentiel-talie_14.jpg HTTP/1.1" 304 -
::1 - - [20/Oct/2022:00:44:34 +0000] "GET /assets/img/visite-etat-couple-presidentiel-talie_2.jpg HTTP/1.1" 304 -
::1 - - [20/Oct/2022:00:44:34 +0000] "GET /assets/img/visite-etat-couple-presidentiel-talie_7.jpg HTTP/1.1" 304 -
::1 - - [20/Oct/2022:00:44:34 +0000] "GET /assets/img/visite-etat-couple-presidentiel-talie_11.jpg HTTP/1.1" 304 -
::1 - - [20/Oct/2022:00:44:34 +0000] "GET /assets/img/visite-etat-couple-presidentiel-talie_18.jpg HTTP/1.1" 304 -
::1 - - [20/Oct/2022:00:44:40 +0000] "GET / HTTP/1.1" 304 -
::1 - - [20/Oct/2022:00:44:40 +0000] "GET /runtime.3966cd9a0a9fecec.js HTTP/1.1" 304 -
::1 - - [20/Oct/2022:00:44:40 +0000] "GET /polyfills.d6e2fd9c81b9a9b4.js HTTP/1.1" 304 -
::1 - - [20/Oct/2022:00:44:40 +0000] "GET /main.764dae96b0bc0ab1.js HTTP/1.1" 304 -
::1 - - [20/Oct/2022:00:44:40 +0000] "GET /styles.f35cb6e7acb3f50f.css HTTP/1.1" 304 -
::1 - - [20/Oct/2022:00:44:41 +0000] "GET /assets/img/paul_biya_v2.png HTTP/1.1" 304 -
::1 - - [20/Oct/2022:00:44:41 +0000] "GET /assets/img/camroonicon-192.png HTTP/1.1" 304 -
::1 - - [20/Oct/2022:00:44:41 +0000] "GET /assets/img/visite-etat-couple-presidentiel-talie_17.jpg HTTP/1.1" 304 -
::1 - - [20/Oct/2022:00:44:41 +0000] "GET /assets/img/visite-etat-couple-presidentiel-talie_8.jpg HTTP/1.1" 304 -
::1 - - [20/Oct/2022:00:44:41 +0000] "GET /assets/img/visite-etat-couple-presidentiel-talie_1.jpg HTTP/1.1" 304 -
::1 - - [20/Oct/2022:00:44:41 +0000] "GET /assets/img/visite-etat-couple-presidentiel-talie_4.jpg HTTP/1.1" 304 -
::1 - - [20/Oct/2022:00:44:41 +0000] "GET /assets/img/visite-etat-couple-presidentiel-talie_11.jpg HTTP/1.1" 304 -
::1 - - [20/Oct/2022:00:44:41 +0000] "GET /assets/img/visite-etat-couple-presidentiel-talie_14.jpg HTTP/1.1" 304 -
::1 - - [20/Oct/2022:00:44:41 +0000] "GET /assets/img/visite-etat-couple-presidentiel-talie_18.jpg HTTP/1.1" 304 -
::1 - - [20/Oct/2022:00:44:41 +0000] "GET /assets/img/visite-etat-couple-presidentiel-talie_2.jpg HTTP/1.1" 304 -
::1 - - [20/Oct/2022:00:44:41 +0000] "GET /back.b2e822a2c00e3455.jpg HTTP/1.1" 304 -
::1 - - [20/Oct/2022:00:44:41 +0000] "GET /assets/img/visite-etat-couple-presidentiel-talie_7.jpg HTTP/1.1" 304 -
::1 - - [20/Oct/2022:00:44:41 +0000] "GET /favicon.ico HTTP/1.1" 304 -
::1 - - [20/Oct/2022:00:47:44 +0000] "GET / HTTP/1.1" 304 -
::1 - - [20/Oct/2022:00:47:44 +0000] "GET /runtime.3966cd9a0a9fecec.js HTTP/1.1" 304 -
::1 - - [20/Oct/2022:00:47:44 +0000] "GET /polyfills.d6e2fd9c81b9a9b4.js HTTP/1.1" 304 -
::1 - - [20/Oct/2022:00:47:44 +0000] "GET /main.764dae96b0bc0ab1.js HTTP/1.1" 304 -
::1 - - [20/Oct/2022:00:47:44 +0000] "GET /styles.f35cb6e7acb3f50f.css HTTP/1.1" 304 -
::1 - - [20/Oct/2022:00:47:44 +0000] "GET /assets/img/paul_biya_v2.png HTTP/1.1" 304 -
::1 - - [20/Oct/2022:00:47:44 +0000] "GET /assets/img/camroonicon-192.png HTTP/1.1" 304 -
::1 - - [20/Oct/2022:00:47:44 +0000] "GET /assets/img/visite-etat-couple-presidentiel-talie_17.jpg HTTP/1.1" 304 -
::1 - - [20/Oct/2022:00:47:44 +0000] "GET /assets/img/visite-etat-couple-presidentiel-talie_8.jpg HTTP/1.1" 304 -
::1 - - [20/Oct/2022:00:47:44 +0000] "GET /assets/img/visite-etat-couple-presidentiel-talie_1.jpg HTTP/1.1" 304 -
::1 - - [20/Oct/2022:00:47:44 +0000] "GET /assets/img/visite-etat-couple-presidentiel-talie_4.jpg HTTP/1.1" 304 -
::1 - - [20/Oct/2022:00:47:44 +0000] "GET /assets/img/visite-etat-couple-presidentiel-talie_11.jpg HTTP/1.1" 304 -
::1 - - [20/Oct/2022:00:47:44 +0000] "GET /assets/img/visite-etat-couple-presidentiel-talie_18.jpg HTTP/1.1" 304 -
::1 - - [20/Oct/2022:00:47:44 +0000] "GET /assets/img/visite-etat-couple-presidentiel-talie_2.jpg HTTP/1.1" 304 -
::1 - - [20/Oct/2022:00:47:44 +0000] "GET /assets/img/visite-etat-couple-presidentiel-talie_14.jpg HTTP/1.1" 304 -
::1 - - [20/Oct/2022:00:47:44 +0000] "GET /assets/img/visite-etat-couple-presidentiel-talie_7.jpg HTTP/1.1" 304 -
::1 - - [20/Oct/2022:00:47:44 +0000] "GET /back.b2e822a2c00e3455.jpg HTTP/1.1" 304 -
::1 - - [20/Oct/2022:00:47:44 +0000] "GET /favicon.ico HTTP/1.1" 304 -
::1 - - [20/Oct/2022:02:12:13 +0000] "OPTIONS /visitor HTTP/1.1" 204 0
::1 - - [20/Oct/2022:02:12:14 +0000] "POST /visitor HTTP/1.1" 500 2
::1 - - [20/Oct/2022:02:14:42 +0000] "OPTIONS /visitor HTTP/1.1" 204 0
::1 - - [20/Oct/2022:02:14:43 +0000] "POST /visitor HTTP/1.1" 201 1091
::1 - - [20/Oct/2022:02:50:44 +0000] "OPTIONS /visitor HTTP/1.1" 204 0
::1 - - [20/Oct/2022:02:50:45 +0000] "POST /visitor HTTP/1.1" 402 1595
::1 - - [20/Oct/2022:02:55:01 +0000] "OPTIONS /visitor HTTP/1.1" 204 0
::1 - - [20/Oct/2022:02:55:01 +0000] "POST /visitor HTTP/1.1" 200 1595
::1 - - [20/Oct/2022:03:00:01 +0000] "OPTIONS /visitor HTTP/1.1" 204 0
::1 - - [20/Oct/2022:03:00:02 +0000] "POST /visitor HTTP/1.1" 200 1595
::1 - - [20/Oct/2022:04:23:17 +0000] "OPTIONS /content HTTP/1.1" 204 0
::1 - - [20/Oct/2022:04:25:23 +0000] "OPTIONS /content HTTP/1.1" 204 0
::1 - - [20/Oct/2022:04:37:36 +0000] "OPTIONS /content HTTP/1.1" 204 0
::1 - - [20/Oct/2022:04:38:15 +0000] "OPTIONS /content HTTP/1.1" 204 0
::1 - - [20/Oct/2022:04:41:54 +0000] "OPTIONS /content HTTP/1.1" 204 0
::1 - - [20/Oct/2022:04:42:34 +0000] "OPTIONS /content HTTP/1.1" 204 0
::1 - - [20/Oct/2022:03:53:19 +0000] "OPTIONS /content HTTP/1.1" 204 0
::1 - - [20/Oct/2022:03:54:15 +0000] "OPTIONS /content HTTP/1.1" 204 0
::1 - - [20/Oct/2022:03:56:03 +0000] "OPTIONS /content HTTP/1.1" 204 0
::1 - - [20/Oct/2022:03:59:22 +0000] "OPTIONS /content HTTP/1.1" 204 0
::1 - - [20/Oct/2022:04:02:25 +0000] "OPTIONS /content HTTP/1.1" 204 0
::1 - - [20/Oct/2022:05:15:47 +0000] "OPTIONS /content HTTP/1.1" 204 0
::1 - - [20/Oct/2022:05:23:15 +0000] "OPTIONS /content HTTP/1.1" 204 0
::1 - - [20/Oct/2022:05:48:33 +0000] "OPTIONS /content HTTP/1.1" 204 0
::1 - - [20/Oct/2022:05:49:50 +0000] "OPTIONS /content HTTP/1.1" 204 0
::1 - - [20/Oct/2022:05:14:47 +0000] "OPTIONS /content HTTP/1.1" 204 0
::1 - - [20/Oct/2022:05:15:57 +0000] "OPTIONS /content HTTP/1.1" 204 0
::1 - - [20/Oct/2022:05:28:34 +0000] "OPTIONS /content HTTP/1.1" 204 0
::1 - - [20/Oct/2022:05:33:04 +0000] "OPTIONS /content HTTP/1.1" 204 0
::1 - - [20/Oct/2022:05:34:47 +0000] "OPTIONS /content HTTP/1.1" 204 0
::1 - - [20/Oct/2022:05:36:24 +0000] "OPTIONS /content HTTP/1.1" 204 0
::1 - - [20/Oct/2022:05:38:07 +0000] "OPTIONS /content HTTP/1.1" 204 0
::1 - - [20/Oct/2022:05:40:37 +0000] "OPTIONS /content HTTP/1.1" 204 0
::1 - - [20/Oct/2022:05:41:50 +0000] "OPTIONS /content HTTP/1.1" 204 0
::1 - - [20/Oct/2022:05:42:37 +0000] "OPTIONS /content HTTP/1.1" 204 0
::1 - - [20/Oct/2022:05:45:39 +0000] "OPTIONS /content HTTP/1.1" 204 0
::1 - - [20/Oct/2022:05:46:00 +0000] "OPTIONS /content HTTP/1.1" 204 0
::1 - - [20/Oct/2022:05:51:07 +0000] "OPTIONS /content HTTP/1.1" 204 0
::1 - - [20/Oct/2022:05:57:52 +0000] "OPTIONS /content HTTP/1.1" 204 0
::1 - - [20/Oct/2022:05:59:46 +0000] "OPTIONS /content HTTP/1.1" 204 0
::1 - - [20/Oct/2022:06:02:37 +0000] "OPTIONS /content HTTP/1.1" 204 0
::1 - - [20/Oct/2022:06:06:50 +0000] "OPTIONS /content HTTP/1.1" 204 0
::1 - - [20/Oct/2022:06:08:44 +0000] "OPTIONS /content HTTP/1.1" 204 0
::1 - - [20/Oct/2022:05:14:18 +0000] "OPTIONS /content HTTP/1.1" 204 0
::1 - - [20/Oct/2022:05:14:18 +0000] "POST /content HTTP/1.1" 500 672
::1 - - [20/Oct/2022:06:48:04 +0000] "OPTIONS /content HTTP/1.1" 204 0
::1 - - [20/Oct/2022:06:48:04 +0000] "POST /content HTTP/1.1" 200 433
::1 - - [20/Oct/2022:07:16:41 +0000] "GET /content/video/6350ef24419bcc29bc7af843 HTTP/1.1" 200 -
::1 - - [20/Oct/2022:07:16:43 +0000] "GET /content/video/6350ef24419bcc29bc7af843 HTTP/1.1" 200 -
::1 - - [20/Oct/2022:07:20:17 +0000] "OPTIONS /visitor HTTP/1.1" 204 0
::1 - - [20/Oct/2022:07:20:18 +0000] "POST /visitor HTTP/1.1" 200 1595
::1 - - [20/Oct/2022:07:20:25 +0000] "GET /content/video/6350ef24419bcc29bc7af843 HTTP/1.1" 200 -
